<?xml version="1.0" encoding="UTF-8"?>
<testng-results ignored="0" total="2" passed="2" failed="0" skipped="0">
  <reporter-output>
  </reporter-output>
  <suite started-at="2023-01-09T13:26:33 IST" name="Suite" finished-at="2023-01-09T13:26:44 IST" duration-ms="10540">
    <groups>
    </groups>
    <test started-at="2023-01-09T13:26:33 IST" name="Test1" finished-at="2023-01-09T13:26:42 IST" duration-ms="9124">
      <class name="Selenium.sample15">
        <test-method signature="openBrowser()[pri:0, instance:Selenium.sample15@27f981c6]" started-at="2023-01-09T13:26:33 IST" name="openBrowser" finished-at="2023-01-09T13:26:42 IST" duration-ms="9016" status="PASS">
          <reporter-output>
          </reporter-output>
        </test-method> <!-- openBrowser -->
      </class> <!-- Selenium.sample15 -->
    </test> <!-- Test1 -->
    <test started-at="2023-01-09T13:26:33 IST" name="Test2" finished-at="2023-01-09T13:26:44 IST" duration-ms="10540">
      <class name="Selenium.sample16">
        <test-method signature="openBrowser()[pri:0, instance:Selenium.sample16@6e9175d8]" started-at="2023-01-09T13:26:33 IST" name="openBrowser" finished-at="2023-01-09T13:26:44 IST" duration-ms="10440" status="PASS">
          <reporter-output>
          </reporter-output>
        </test-method> <!-- openBrowser -->
      </class> <!-- Selenium.sample16 -->
    </test> <!-- Test2 -->
  </suite> <!-- Suite -->
</testng-results>
